modules/audio-noisy-module/android/build/outputs/logs/manifest-merger-release-report.txt
-- Merging decision tree log ---
manifest
ADDED from ProcessLibraryManifest/release/tempAndroidManifest1685003215334852430.xml:2:13-83
INJECTED from ProcessLibraryManifest/release/tempAndroidManifest1685003215334852430.xml:2:13-83
	package
		INJECTED from ProcessLibraryManifest/release/tempAndroidManifest1685003215334852430.xml
	xmlns:android
		ADDED from ProcessLibraryManifest/release/tempAndroidManifest1685003215334852430.xml:2:23-81
uses-sdk
INJECTED from ProcessLibraryManifest/release/tempAndroidManifest1685003215334852430.xml reason: use-sdk injection requested
INJECTED from ProcessLibraryManifest/release/tempAndroidManifest1685003215334852430.xml
INJECTED from ProcessLibraryManifest/release/tempAndroidManifest1685003215334852430.xml
	android:targetSdkVersion
		INJECTED from ProcessLibraryManifest/release/tempAndroidManifest1685003215334852430.xml
	android:minSdkVersion
		INJECTED from ProcessLibraryManifest/release/tempAndroidManifest1685003215334852430.xml